[02:56:16] [ServerMain/INFO]: Environment: Environment[sessionHost=https://sessionserver.mojang.com, servicesHost=https://api.minecraftservices.com, name=PROD]
[02:56:18] [ServerMain/INFO]: Loaded 1290 recipes
[02:56:19] [ServerMain/INFO]: Loaded 1399 advancements
[02:56:20] [Server thread/INFO]: Starting minecraft server version 1.21.1
[02:56:20] [Server thread/INFO]: Loading properties
[02:56:20] [Server thread/INFO]: Default game type: CREATIVE
[02:56:20] [Server thread/INFO]: Generating keypair
[02:56:20] [Server thread/INFO]: Starting Minecraft server on *:25565
[02:56:20] [Server thread/INFO]: Using epoll channel type
[02:56:20] [Server thread/WARN]: **** SERVER IS RUNNING IN OFFLINE/INSECURE MODE!
[02:56:20] [Server thread/WARN]: The server will make no attempt to authenticate usernames. Beware.
[02:56:20] [Server thread/WARN]: While this makes the game possible to play without internet access, it also opens up the ability for hackers to connect with any username they choose.
[02:56:20] [Server thread/WARN]: To change this, set "online-mode" to "true" in the server.properties file.
[02:56:20] [Server thread/INFO]: Preparing level "world"
[02:56:22] [Server thread/INFO]: Preparing start region for dimension minecraft:overworld
[02:56:23] [Worker-Main-4/INFO]: Preparing spawn area: 0%
[02:56:23] [Worker-Main-4/INFO]: Preparing spawn area: 0%
[02:56:23] [Server thread/INFO]: Time elapsed: 681 ms
[02:56:23] [Server thread/INFO]: Done (2.735s)! For help, type "help"
[02:56:23] [Server thread/INFO]: Starting remote control listener
[02:56:23] [Server thread/INFO]: Thread RCON Listener started
[02:56:23] [Server thread/INFO]: RCON running on 0.0.0.0:25575
[02:56:24] [Server thread/INFO]: noah-pc[/192.168.1.120:63120] logged in with entity id 40 at (44.935928189246106, 79.09134343237038, -59.03128504976212)
[02:56:24] [Server thread/INFO]: noah-pc joined the game
[02:56:27] [Server thread/WARN]: Can't keep up! Is the server overloaded? Running 2070ms or 41 ticks behind
[02:56:28] [Server thread/INFO]: Viktoriyious[/192.168.1.162:32443] logged in with entity id 1557 at (4.825624996293869, 31.200000047683716, -99.40392629173779)
[02:56:28] [Server thread/INFO]: Viktoriyious joined the game
[02:56:33] [Server thread/INFO]: dakota-pc[/192.168.1.111:23843] logged in with entity id 1587 at (-52.992325227367644, 63.0, -58.340135285118194)
[02:56:33] [Server thread/INFO]: dakota-pc joined the game
[02:56:35] [Server thread/INFO]: sabeo-pc[/192.168.1.179:52760] logged in with entity id 1601 at (12.716618314963114, 62.08240710983457, -84.18561944125203)
[02:56:35] [Server thread/INFO]: sabeo-pc joined the game
[02:57:28] [Server thread/WARN]: Can't keep up! Is the server overloaded? Running 46073ms or 921 ticks behind
[02:58:31] [Server thread/WARN]: Can't keep up! Is the server overloaded? Running 47948ms or 958 ticks behind
[02:59:33] [Server thread/WARN]: Can't keep up! Is the server overloaded? Running 46431ms or 928 ticks behind
[03:00:03] [Server thread/WARN]: Can't keep up! Is the server overloaded? Running 15325ms or 306 ticks behind
[03:00:21] [Server thread/WARN]: Can't keep up! Is the server overloaded? Running 3219ms or 64 ticks behind
[03:26:12] [Server thread/INFO]: sabeo-pc has made the advancement [Ol' Betsy]
[03:26:12] [Server thread/INFO]: sabeo-pc has made the advancement [Take Aim]
[03:50:55] [Server thread/INFO]: noah-pc has made the advancement [Monster Hunter]
[03:56:57] [Server thread/INFO]: Viktoriyious lost connection: Disconnected
[03:56:57] [Server thread/INFO]: Viktoriyious left the game
